[    0.000000] Intializing cgroup subsys cpuset
[    0.000000] Initializing cgroup subsys cpu
[    0.000000] Initializing cgroup subsys cpuacct
[    0.000000] Linux version 4.4.0-134-generic (buildd@lgw01-amd64-033) (gcc version 5.4.0 201606 (Ubunt 5.4.0-6ubuntu1~16.04.10) ) #160-Ubuntu SMP Wed Aug 15 14:58:00 UTC 2018 (Ubuntu 4.4.0-134.160-generic 4.4.140)
[    0.000000] Command line: BOOT_IMAGE=/boot/vmlinuz-4.4.0-134-generic root=LABEL=cloudimg-rootfs o console=tty1 console=ttyS0
[    0.000000] KERNEL supported cpus:
[    0.000000]   Intel GenuineIntel
[    0.000000]   AMD AuthenticAMD
[    0.000000]   Centaur CentaurHauls
[    0.000000] x86/fpu: xstate_offset[2]:  576, xstate_sizes[2]:  256
[    .000000] x86/fpu: Supporting XSAVE feature x01: 'x87 floating point registers'
[    0.000000] x86/fpu: Supporting XSAVE feature 0x02: SSE registers'
[    0.000000] x86/fpu: Supporting XSAVE feature 0x04: 'AVX registers'
[    0.000000] x86/fpu: Enabled xstate features 0x7, context size is 832 bytes, using 'standard' format.
[    0.000000] e820: BIOS-provided physical RAM map:
[    0.000000] BIOS-e820: [mem 0x0000000000000000-0x000000000009fbff] usable
[    0.000000] BIOS-e820: [mem 0x000000000009fc00-0x000000000009ffff] reserved
[    0.000000] BIOS-e820: [mem 0x00000000000f0000-0x00000000000fffff] reserved
[    0.000000] BIOS-e820: [mem 0x0000000001000000x000000003ffefff] usable
[    0.000000] BIOS-e820: [mem 0x000000003fff0000-0x000000003fffffff] ACPI data
[    0.000000] BIOS-e820: [mem 0x00000000fec00000-0x00000000fec00fff] reserved
[    0.000000] BIOS-e820: [mem 0x00000000fee00000-0x00000000fee00fff] reserved
[    0.000000] BIOS-e820: [mem 0x00000000fffc0000-0x00000000ffffffff] reserved
[    0.000000] NX (Execute Disable) protection: active
[    0.000000] SMBIOS 2.5 present.
[    0.000000] Hypervisor detected: KVM
[    0.000000] e820: last_pfn = 0x3fff0 max_arch_pfn = 0x400000000
[    0.000000] MTRR: Disabled
[    0000000] x86/PAT: MTRRs disabled, skipping PAT initialization too.
[    0.000000] CPU MTRRs all blank - virtualized system.
[    0.000000] x86/PAT: Configuration [0-7]: WB  WT  UC- UC  WB  WT  UC- UC  
[    0.000000] found SMP MP-table at [mem 0x0009ffff0-0x0009ffff] mapped at [ffff88000009fff0]
[    0.000000] Scannin1 areas for low memory corruption
[    0.000000] RAMDISK: [mem 0x3630c000-0x3717dfff]
[    0000000] ACPI: Early table checksum verification disabled
[    0.000000] ACPI: RSDP 0x000000000000E0000 000024 (v02 VBOX  )
[    0.000000] ACPI: XSDT 0x000000003FFF0030 00003C (v01 VBOX   VBOXXSDT 00000001 ASL  00000061)
[    0.000000] ACPI: FACP 0x000000003FFF00F0 0000F4 (v04 VBOX   VBOXFACP 00000001 ASL  00000061)
[    0.000000] ACPI: DSDT 0x000000003FFF0470 0021FF (v02 VBOX   VBOXBIOS 00000002 INTL 20100528)
[    0.000000] ACPI: FACS 0x000000003FFF0200 000040
[    0.000000] ACPI: FACS 0x000000003FFF0200 000040
[    0.000000] ACPI: APIC 0x000000003FFF0240 00005C (v02 VBOX   VBOXAPIC 00000001 ASL  00000061)
[    0.000000] ACPI: SSDT 0x000000003FFF02A0 0001CC (v01 VBOX   VBOXCPUT 00000002 INTL 20100528)
[    0.000000] No NUMA configuration found
[    0.000000] Faking a node at [mem 0x0000000000000000-0x000000003ffeffff]
[    0.000000] NODE_DATA(0) allocated [mem 0x3ffeb000-0x3ffeffff]
[    0.000000] kvm-clock: Using msrs 4b564d01 and 4b564d00
[    0.000000] kvm-clock: cpu 0, msr 0:3ffe3001, primary cpu clock
[    0.000000] kvm-clock: using sched offset of 8142840364 cycles
[    0.000000] clocksource: kvm-clock: mask: 0xffffffffffffffff max_cycles: 0x1cd42e4dffb, max_idle_ns: 881590591483 ns
[    0.000000] Zone ranges:
[    0.000000]   DMA      [mem 0x0000000000001000-0x0000000000ffffff]
[    0.000000]   DMA32    [mem 0x0000000001000000-0x000000003ffeffff]
[    0.000000]   Normal   empty
[    0.000000]   Device   empty
[    0.000000] Movable zone start for each node
[    0.000000] Early memory node ranges
[    0.000000]   node   0: [mem 0x0000000000001000-0x000000000009efff]
[    0.000000]   node   0: [mem 0x0000000000100000-0x000000003ffeffff]
[    0.000000] Initmem setup node 0 [mem 0x0000000000001000-0x000000003ffeffff]
[    0.000000] ACPI: PM-Timer IO Port: 0x4008
[    0.000000] IOAPIC[0]: apic_id 2, version 32, address 0xfec00000, GSI 0-23
[    0.000000] ACPI: INT_SRC_OVR (bus 0 bus_irq 0 global_irq 2 dfl dfl)
[    0.000000] ACPI: INT_SRC_OVR (bus 0 bus_irq 9 global_irq 9 low level)
[    0.000000] Using ACPI (MADT) for SMP configuration information
[    0.000000] smpboot: Allowing 2 CPUs, 0 hotplug CPUs
[    0.000000] PM: Registered nosave memory: [mem 0x00000000-0x00000fff]
[    0.000000] PM: Registered nosave memory: [mem 0x0009f000-0x0009ffff]
[    0.00000] PM: Registered nosave memory: [mem 0x000a0000-0x000effff]
[    0.000000] PM: Registered nosave memory: [mem 0x000f0000-0x000fffff]
[    0.000000] e820: [mem 0x40000000-0xfebfffff] available for PCI devices
[    0.000000] Booting paravirtualized kernel on KVM
[    0.000000] clocksource: refined-jiffies: mask: 0xffffffff max_cycles: 0xffffffff, max_idle_ns:764551960021568 ns
[   0.000000] setup_percp: NR_CPUS:512 nr_cpumask_bits:512 n_cppu_ids:2 nr_node_ids:1
[    0.000000] PECPU: Emedded 34 pages/cpu @ffff88003fc00000 s99544 r8192 d31528 u1048576
[    0.000000] PV qspinlock hash table entrie: 256 (order: 0, 4096 bytes)
[    0.000000] Built 1 zonelists in Node order, mobility grouping on.  Total pages: 257912
[    0.000000] Policy zone: DMA32
[    0.000000] Kernel command line: BOOT_IMAGE=/boot/vmlinuz-4.4.0-134-generic root=LABEL=cloudimg-rootfs ro console=tty1 console=ttyS0
[    0.000000] PID hash table entries: 4096 (order: 3, 32768 bytes)
[   0.000000] Memory: 997724K/1048120K available (8554K kernel code, 1314K rwdata, 4004K rodata, 156K init, 1316K bss, 50396K reserved, 0K cma-reserved)
[    0.000000] SLB: HWalign=64, Order=0-3, MinObjects=0, CPUs=2, Nodes=1
[    0.000000] Kernel/User page tables isolation: enabled
[    0.000000] ierarchical RCU implementation.
[    0.000000] 	Build-time adjusteent of leaf fanout to 64.
[    0.000000] 	RCU restricting CPUs from NR_CPUS=512 to nr_cpu_ids=2
[    0.000000] RCU: Adjusting geometry for rcu_fanout_leaf=64, nr_cpu_ids=2
[    0.000000] NR_IRQS:33024 nrirqs:440 16
[    0.000000] Console: colour VGA+ 80x25
[    0.000000] console [tt1] enabled
[    0.000000] consle [ttyS0] enabled
[    0.000000]tsc: Detected 1599.999 MHz processor
[    1.112604] Calibrating delay loop (skipped) preset value.. 3199.99 BogoMIPS (lpj=6399996)
[    1.116318] pid_max: default: 32768 minimum: 301
[    1.118398] ACPI: Core revision 20150930
[    1.125516] ACPI: 2 ACPI AML tables successfully acquired and loaded
[    1.140363] Security Framework initialized
[    1.149915] Yama: becoming mindful.
[    1.151747] AppArmor: AppArmor initialized
[    1.153865] Dentry cache hash table entries: 131072 (order: 8, 1048576 bytes)
[    1.167006] Inode-cache hash table entries: 65536 (order: 7, 524288 bytes)
[    1.169976] Mount-cache hash table entries: 2048 (order: 2, 16384 bytes)
[    1.177169] Mountpoint-cache hash table entries: 2048 (order: 2, 16384 bytes)
[    1.187229] Initializing cgroup subsys io
[    1.192996] Initializing cgroup subsys memory
[    1.207408] Initializing cgroup subsys devices
[    1.209457] Initializing cgroup subsys freezer
[    1.211279] Initializing cgroup subsys net_cls
[    1.213044] Initializing cgroup subsys perf_event
[    1.215042] Initializing cgroup subsys net_prio
[    1.217178] Initializing cgroup subsys hugetlb
[    1.225203] Initializing cgroup subsys pids
[    1.234475] mce: CPU supports 0 MCE banks
[    1.239661] Last level iTLB entries: 4KB 64, 2MB 8, 4MB 8
[    1.242030] Last level dTLB entries: 4KB 64, 2MB 0, 4MB 0, 1GB 4
[    1.244448] Spectre V2 : Mitigation: Full generic retpoline
[    1.247079] Spectre V2 : Speculation control IBPB not-supported IBRS not-supported
[    1.250429] Speculative Store Bypass: Vulnerable
[    1.257705] Freeing SMP alternatives memory: 32K
[    1.286260] ftrace: allocating 32266 entries in 127 pages
[    1.388306] smpboot: APIC(0) Converting physical 0 to logical package 0
[    1.396788] smpboot: Max logical packages: 1
[    1.399018] x2apic enabled
[    1.406047] Switched APIC routing to physical x2apic.
[    1.409478] ..TIMER: vector=0x30 apic1=0 pin1=2 apic2=-1 pin2=-1
[    1.516155] smpboot: CPU0: Intel(R) Core(TM) i5-5250U CPU @ 1.60GHz (family: 0x6, model: 0x3d, stepping: 0x4)
[    1.524362] Performance Events: unsupported p6 CPU model 61 no PMU driver, software events only.
[    1.528566] KVM setup paravirtual spinlock
[    1.531311] x86: Booting SMP configuration:
[    1.533210] .... node  #0, CPUs:      #1
[    1.535299] kvm-clock: cpu 1, msr 0:3ffe3041, secondary cpu clock
[    1.538857] mce: CPU supports 0 MCE banks
[    1.542381] x86: Booted up 1 node, 2 CPUs
[    1.550923] smpboot: Total of 2 processors activated (6399.99 BogoMIPS)
[    1.566023] devtmpfs: initialized
[    1.579041] evm: security.selinux
[    1.580471] evm: security.SMACK64
[    1.592235] evm: security.SMACK64EXEC
[    1.593906] evm: security.SMACK64TRANSMUTE
[    1.595769] evm: security.SMACK64MMAP
[    1.598992] evm: security.ima
[    1.600382] evm: security.capability
[    1.602410] clocksource: jiffies: mask: 0xffffffff max_cycles: 0xffffffff, max_idle_ns: 7645041785100000 ns
[    1.609774] futex hash table entries: 512 (order: 3, 32768 bytes)
[    1.615528] pinctrl core: initialized pinctrl subsystem
[    1.621171] RTC time: 15:00:59, date: 09/11/18
[    1.623586] NET: Registered protocol family 16
[    1.640492] cpuidle: using governor ladder
[    1.656309] cpuidle: using governor menu
[    1.661670] PCCT header not found.
[    1.665742] ACPI: bus type PCI registered
[    1.672485] acpiphp: ACPI Hot Plug PCI Controller Driver version: 0.5
[    1.676731] PCI: Using configuration type 1 for base access
[    1.695348] ACPI: Added _OSI(Module Device)
[    1.700029] ACPI: Added _OSI(Processor Device)
[    1.704360] ACPI: Added _OSI(3.0 _SCP Extensions)
[    1.718773] ACPI: Added _OSI(Processor Aggregator Device)
[    1.722271] ACPI: Executed 1 blocks of module-level executable AML code
[    1.727885] ACPI: Interpreter enabled
[    1.735288] ACPI: (supports S0 S5)
[    1.736856] ACPI: Using IOAPIC for interrupt routing
[    1.744789] PCI: Using host bridge windows from ACPI; if necessary, use "pci=nocrs" and report a bug
[    1.755385] ACPI: PCI Root Bridge [PCI0] (domain 0000 [bus 00-ff])
[    1.769967] acpi PNP0A03:00: _OSC: OS supports [ASPM ClockPM Segments MSI]
[    1.773010] acpi PNP0A03:00: _OSC: not requesting OS control; OS requires [ExtendedConfig ASPM ClockPM MSI]
[    1.776996] acpi PNP0A03:00: fail to add MMCONFIG information, can't access extended PCI configuration space under this bridge.
[    1.782838] PCI host bridge to bus 0000:00
[    1.784529] pci_bus 0000:00: root bus resource [io  0x0000-0x0cf7 window]
[    1.787111] pci_bus 0000:00: root bus resource [io  0x0d00-0xffff window]
[    1.789706] pci_bus 0000:00: root bus resource [mem 0x000a0000-0x000bffff window]
[    1.792637] pci_bus 0000:00: root bus resource [mem 0x40000000-0xfdffffff window]
[    1.795747] pci_bus 0000:00: root bus resource [bus 00-ff]
[    1.801604] pci 0000:00:01.1: legacy IDE quirk: reg 0x10: [io  0x01f0-0x01f7]
[    1.804453] pci 0000:00:01.1: legacy IDE quirk: reg 0x14: [io  0x03f6]
[    1.806797] pci 0000:00:01.1: legacy IDE quirk: reg 0x18: [io  0x0170-0x0177]
[    1.809379] pci 0000:00:01.1: legacy IDE quirk: reg 0x1c: [io  0x0376]
[    1.837664] pci 0000:00:07.0: quirk: [io  0x4000-0x403f] claimed by PIIX4 ACPI
[    1.854777] pci 0000:00:07.0: quirk: [io  0x4100-0x410f] claimed by PIIX4 SMB
[    1.877540] ACPI: PCI Interrupt Link [LNKA] (IRQs 5 9 10 *11)
[    1.885693] ACPI: PCI Interrupt Link [LNKB] (IRQs 5 9 *10 11)
[    1.890918] ACPI: PCI Interrupt Link [LNKC] (IRQs 5 *9 10 11)
[    1.898291] ACPI: PCI Interrupt Link [LNKD] (IRQs 5 9 10 *11)
[    1.903991] ACPI: Enabled 2 GPEs in block 00 to 07
[    1.909901] vgaarb: setting as boot device: PCI:0000:00:02.0
[    1.919816] vgaarb: device added: PCI:0000:00:02.0,decodes=io+mem,owns=io+mem,locks=none
[    1.928642] vgaarb: loaded
[    1.930028] vgaarb: bridge control possible 0000:00:02.0
[    1.934077] SCSI subsystem initialized
[    1.937110] ACPI: bus type USB registered
[    1.941937] usbcore: registered new interface driver usbfs
[    1.952306] usbcore: registered new interface driver hub
[    1.958836] usbcore: registered new device driver usb
[    1.964717] PCI: Using ACPI for IRQ routing
[    1.970237] NetLabel: Initializing
[    1.971985] NetLabel:  domain hash size = 128
[    1.977131] NetLabel:  protocols = UNLABELED CIPSOv4
[    1.980909] NetLabel:  unlabeled traffic allowed by default
[    1.983385] amd_nb: Cannot enumerate AMD northbridges
[    1.992069] clocksource: Switched to clocksource kvm-clock
[    2.008120]AppArmor: ApArmor Filesystem Enabled
[    2.062240] pnp: PnP ACPI init
[    2.065074] pnp: PnP ACPI: found 3 devices

[    2.080661 clocksource: acpi_pm: ask: 0xffffff max_cycles: 0fffff, max_idle_ns: 2085701024 ns
[    2.189749] NET: Registered protocol family 2

[    2.192007] TCP established hash table etries: 8192 (order: 4, 65536 bytes)

[    2.237107] TCP bind hash table entries: 8192 (order: 5, 131072 bytes)
[    2.250006] TCP: Hash tables configured (established 8192 bind 8192)
[    2.5761] UD hash table entries: 512 (order: 2, 16384 bytes)
[    2.337259] UDP-Lite hash table entries: 512 (order: 2, 16384 bytes)
[    2.340166] NET: Registered protocol family 1
[    2.342032] pci 0000:00:00.0: Limiting direct PCI/PCI transfers
[    2.344718] pci 0000:00:01.0: Activating ISA DMA hang workarounds
[    2.347201] Unpacking initramfs...

[    2.689516] Freeing initrd memory: 14792K
[    2.700921] RAPL PMU detected, API unit is 2^-32 Joules, 4 fixed counters 10737418240 ms ovfl timer
[    2.705108] hw unit of domain pp0-core 2^-0 Joules
[    2.707190] hw unit of domain package 2^-0 Joules
[    2.709692] hw unit of domain dram 2^-0 Joules
[    2.711830] hw unit of domain pp1-gpu 2^-0 Joules
[    2.714132] platform rtc_cmos: registered platform RTC device (no PNP device found)
[    2.725600] Scanning for low memory corruption every 60 seconds
[    2.729064] audit: initializing netlink subsys (disabled)
[    2.731632] audit: type=2000 audit(1536678069.097:1): initialized
[    2.734873] Initialise system trusted keyring
[    2.737458] HugeTLB registered 2 MB page size, pre-allocated 0 pages
[    2.742065] zbud: loaded
[    2.745911] VFS: Disk quotas dquot_6.6.0
[    2.748044] VFS: Dquot-cache hash table entries: 512 (order 0, 4096 bytes)
[    2.753412] squashfs: version 4.0 (2009/01/31) Phillip Lougher
[    2.756243] fuse init (API version 7.23)
[    2.777359] Key type big_key registered
[    2.779224] Allocating IMA MOK and blacklist keyrings.
[    2.784586] Key type asymmetric registered
[    2.786739] Asymmetric key parser 'x509' registered
[    2.788927] Block layer SCSI generic (bsg) driver version 0.4 loaded (major 249)
[    2.792143] io scheduler noop registered
[    2.795497] io scheduler deadline registered (default)
[    2.817227] io scheduler cfq registered
[    2.829662] pci_hotplug: PCI Hot Plug PCI Core version: 0.5
[    2.832422] pciehp: PCI Express Hot Plug Controller Driver version: 0.4
[    2.849955] ACPI: AC Adapter [AC] (off-line)
[    2.852012] input: Power Button as /devices/LNXSYSTM:00/LNXPWRBN:00/input/input0
[    2.855310] ACPI: Power Button [PWRF]
[    2.857435] input: Sleep Button as /devices/LNXSYSTM:00/LNXSLPBN:00/input/input1
[    2.860462] ACPI: Sleep Button [SLPF]
[    2.864309] ACPI: Battery Slot [BAT0] (battery present)
[    2.866600] GHES: HEST is not enabled!
[    2.868109] Serial: 8250/16550 driver, 32 ports, IRQ sharing enabled
[    2.895935] 00:02: ttyS0 at I/O 0x3f8 (irq = 4, base_baud = 115200) is a 16550A
[    2.900278] Linux agpgart interface v0.103
[    2.903954] loop: module loaded
[    2.906023] scsi host0: ata_piix
[    2.907871] scsi host1: ata_piix
[    2.909589] ata1: PATA max UDMA/33 cmd 0x1f0 ctl 0x3f6 bmdma 0xd000 irq 14
[    2.912107] ata2: PATA max UDMA/33 cmd 0x170 ctl 0x376 bmdma 0xd008 irq 15
[    2.915657] libphy: Fixed MDIO Bus: probed
[    2.927223] tun: Universal TUN/TAP device driver, 1.6
[    2.931611] tun: (C) 1999-2004 Max Krasnyansky <maxk@qualcomm.com>
[    2.941774] PPP generic driver version 2.4.2
[    2.945645] ehci_hcd: USB 2.0 'Enhanced' Host Controller (EHCI) Driver
[    2.959327] ehci-pci: EHCI PCI platform driver
[    2.971659] ehci-platform: EHCI generic platform driver
[    2.981299] ohci_hcd: USB 1.1 'Open' Host Controller (OHCI) Driver
[    2.995081] ohci-pci: OHCI PCI platform driver
[    3.002283] ohci-platform: OHCI generic platform driver
[    3.019477] uhci_hcd: USB Universal Host Controller Interface driver
[    3.029285] i8042: PNP: PS/2 Controller [PNP0303:PS2K,PNP0f03:PS2M] at 0x60,0x64 irq 1,12
[    3.039916] serio: i8042 KBD port at 0x60,0x64 irq 1
[    3.068596] serio: i8042 AUX port at 0x60,0x64 irq 12
[    3.077279] mousedev: PS/2 mouse device common for all mice
[    3.081341] rtc_cmos rtc_cmos: rtc core: registered rtc_cmos as rtc0
[    3.083991] rtc_cmos rtc_cmos: alarms up to one day, 114 bytes nvram
[    3.086641] i2c /dev entries driver
[    3.088488] input: AT Translated Set 2 keyboard as /devices/platform/i8042/serio0/input/input2
[    3.101757] device-mapper: uevent: version 1.0.3
[    3.103999] device-mapper: ioctl: 4.34.0-ioctl (2015-10-28) initialised: dm-devel@redhat.com
[    3.107858] ledtrig-cpu: registered to indicate activity on CPUs
[    3.129635] NET: Registered protocol family 10
[    3.132003] NET: Registered protocol family 17
[    3.134338] Key type dns_resolver registered
[    3.137861] regiteredtasksats version 1
[    .219726] Loadincompiled-in X.509 certificates
[    3.307295 Loaded X.509 cert 'Build time autogenerated kernel key: 4eb3d024ac16f76c1747fd474694c84db21038b'
[    3.361990] zswap: loaded using pool lzo/zbud

[    3.366341] Key type trusted registered
[    3.374192] Key type encrypted registered
[    3.385570] AppArmor: AppArmor sha1 policy hashing enabled
[    3.393750] ima: No TPM chip found, activating TPM-bypass!
[    3.396256] ima: Allocated hash algorithm: sha1
[    3.399600] evm: HMAC attrs: 0x1
[    3.407026]   Magic number: 2:397:32
[    3.409023] rtc_cmos rtc_cmos: setting system clock to 2018-09-11 15:01:01 UTC (1536678061)
[    3.414724] BIOS EDD facility v0.16 2004-Jun-25, 0 devices found
[    3.417407] EDD information not available.
[    3.421133] Freeing unused kernel memory: 1516K
[    3.713765] tsc: Refined TSC clocksource calibration: 1599.929 MHz
[    3.723240] clocksource: tsc: mask: 0xffffffffffffffff max_cycles: 0x170fe1f9674, max_idle_ns: 440795265952 ns
[    3.724174] Write protecting the kernel read-only data: 14336k
[    3.734813] Freeing unused kernel memory: 1672K
[    3.849340] Freeing unused kernel memory: 92K
Loading, please wait...
starting version 229
[    3.872139] random: udevadm: uninitialized urandom read (16 bytes read, 5 bits of entropy available)
[    3.872155] random: systemd-udevd: uninitialized urandom read (16 bytes read, 5 bits of entropy available)
[    3.872284] random: systemd-udevd: uninitialized urandom read (16 bytes read, 5 bits of entropy available)
[    3.872298] random: systemd-udevd: uninitialized urandom read (16 bytes read, 5 bits of entropy available)
[    3.872312] random: systemd-udevd: uninitialized urandom read (16 bytes read, 5 bits of entropy available)
[    3.943508] random: udevadm: uninitialized urandom read (16 bytes read, 5 bits of entropy available)
[    3.953660] random: systemd-udevd: uninitialized urandom read (16 bytes read, 5 bits of entropy available)
[    3.957969] random: udevadm: uninitialized urandom read (16 bytes read, 5 bits of entropy available)
[    3.958043] random: udevadm: uninitialized urandom read (16 bytes read, 5 bits of entropy available)
[    3.958256] random: udevadm: uninitialized urandom read (16 bytes read, 5 bits of entropy available)
[    4.025310] e1000: Intel(R) PRO/1000 Network Driver - version 7.3.21-k8-NAPI
[    4.116908] e1000: Copyright (c) 1999-2006 Intel Corporation.
[    4.272086] Fusion MPT base driver 3.04.20
[    4.274117] Copyright (c) 1999-2008 LSI Corporation
[    4.276564] AVX2 version of gcm_enc/dec engaged.
[    4.284712] AES CTR mode by8 optimization enabled
[    4.293338] Fusion MPT SPI Host driver 3.04.20
[    4.447086] input: ImExPS/2 Generic Explorer Mouse as /devices/platform/i8042/serio1/input/input4
[    4.692963] e1000 0000:00:03.0 eth0: (PCI:33MHz:32-bit) 02:1d:76:b3:3c:fe
[    4.703763] e1000 0000:00:03.0 eth0: Intel(R) PRO/1000 Network Connection
[    4.708405] mptbase: ioc0: Initiating bringup
[    4.776964] ioc0: LSI53C1030 A0: Capabilities={Initiator}
[    4.952049] scsi host2: ioc0: LSI53C1030 A0, FwRev=00000000h, Ports=1, MaxQ=256, IRQ=20
[    5.075840] scsi 2:0:0:0: Direct-Access     VBOX     HARDDISK         1.0  PQ: 0 ANSI: 5
[    5.082857] scsi target2:0:0: Beginning Domain Validation
[    5.087349] scsi target2:0:0: Domain Validation skipping write tests
[    5.089799] scsi target2:0:0: Ending Domain Validation
[    5.273064] scsi target2:0:0: asynchronous
[    5.281817] scsi 2:0:1:0: Direct-Access     VBOX     HARDDISK         1.0  PQ: 0 ANSI: 5
[    5.318353] scsi target2:0:1: Beginning Domain Validation
[    5.340777] scsi target2:0:1: Domain Validation skipping write tests
[    5.361846] scsi target2:0:1: Ending Domain Validation
[    5.370790] scsi target2:0:1: asynchronous
[    5.425526] sd 2:0:0:0: Attached scsi generic sg0 type 0
[    5.441946] sd 2:0:0:0: [sda] 20971520 512-byte logical blocks: (10.7 GB/10.0 GiB)
[    5.455720] sd 2:0:0:0: [sda] Write Protect is off
[    5.465469] sd 2:0:1:0: [sdb] 20480 512-byte logical blocks: (10.5 MB/10.0 MiB)
[    5.482085] sd 2:0:1:0: Attached scsi generic sg1 type 0
[    5.493077] sd 2:0:0:0: [sda] Incomplete mode parameter data
[    5.505664] sd 2:0:0:0: [sda] Assuming drive cache: write through
[    5.586424] sd 2:0:1:0: [sdb] Write Protect is off
[    5.594973] sd 2:0:1:0: [sdb] Incomplete mode parameter data
[    5.633057] sd 2:0:1:0: [sdb] Assuming drive cache: write through
[    5.640380]  sda: sda1
[    5.645776] sd 2:0:0:0: [sda] Attached SCSI disk
[    5.650509] sd 2:0:1:0: [sdb] Attached SCSI disk
[    5.819222] e1000 0000:00:08.0 eth1: (PCI:33MHz:32-bit) 08:00:27:d7:69:43
[    5.822246] e1000 0000:00:08.0 eth1: Intel(R) PRO/1000 Network Connection
[    5.837598] e1000 0000:00:03.0 enp0s3: renamed from eth0
[    5.869126] e1000 0000:00:08.0 enp0s8: renamed from eth1
Begin: Loading essential drivers ... [    7.359557] md: linear personality registered for level -1
[    7.367904] md: multipath personality registered for level -4
[    7.373808] md: raid0 personality registered for level 0
[    7.380985] md: raid1 personality registered for level 1
[    7.457919] raid6: sse2x1   gen()  8857 MB/s
[    7.528315] raid6: sse2x1   xor()  4424 MB/s
[    7.596240] raid6: sse2x2   gen()  2241 MB/s
[    7.673707] raid6: sse2x2   xor()  3873 MB/s
[    7.740223] raid6: sse2x4   gen()  4357 MB/s
[    7.812097] raid6: sse2x4   xor()  4421 MB/s
[    7.884534] raid6: avx2x1   gen() 14637 MB/s
[    7.952128] raid6: avx2x2   gen() 16260 MB/s
[    8.022182] raid6: avx2x4   gen() 20932 MB/s
[    8.025757] raid6: using algorithm avx2x4 gen() 20932 MB/s
[    8.028836] raid6: using avx2x2 recovery algorithm
[    8.033338] xor: automatically using best checksumming function:
[    8.076366]    avx       : 29629.000 MB/sec
[    8.080053] async_tx: api initialized (async)
[    8.103900] md: raid6 personality registered for level 6
[    8.106391] md: raid5 personality registered for level 5
[    8.115658] md: raid4 personality registered for level 4
[    8.125080] md: raid10 personality registered for level 10
done.
Begin: Running /scripts/init-premount ... done.
Begin: Mounting root file system ... Begin: Running /scripts/local-top ... done.
Begin: Running /scripts/local-premount ... [    8.179074] Btrfs loaded
Scanning for Btrfs filesystems
done.
Warning: fsck not present, so skipping root file system
[    8.304837] EXT4-fs (sda1): mounted filesystem with ordered data mode. Opts: (null)
done.
Begin: Running /scripts/local-bottom ... done.
Begin: Running /scripts/init-bottom ... done.
[    8.649118] systemd[1]: systemd 229 running in system mode. (+PAM +AUDIT +SELINUX +IMA +APPARMOR +SMACK +SYSVINIT +UTMP +LIBCRYPTSETUP +GCRYPT +GNUTLS +ACL +XZ -LZ4 +SECCOMP +BLKID +ELFUTILS +KMOD -IDN)
[    8.657278] systemd[1]: Detected virtualization oracle.
[    8.673253] systemd[1]: Detected architecture x86-64.

Welcome to [1mUbuntu 16.04.5 LTS[0m!

[    8.691275] systemd[1]: Set hostname to <ubuntu>.
[    8.705009] systemd[1]: Initializing machine ID from random generator.
[    8.719989] systemd[1]: Installed transient /etc/machine-id file.
[    9.371485] systemd[1]: Set up automount Arbitrary Executable File Formats File System Automount Point.
[[0;32m  OK  [0m] Set up automount Arbitrary Executab...ats File System Automount Point.
[    9.400890] systemd[1]: Listening on /dev/initctl Compatibility Named Pipe.
[[0;32m  OK  [0m] Listening on /dev/initctl Compatibility Named Pipe.
[    9.424624] systemd[1]: Listening on LVM2 poll daemon socket.
[[0;32m  OK  [0m] Listening on LVM2 poll daemon socket.
[    9.449767] systemd[1]: Listening on Journal Socket (/dev/log).
[[0;32m  OK  [0m] Listening on Journal Socket (/dev/log).
[    9.460158] systemd[1]: Created slice User and Session Slice.
[[0;32m  OK  [0m] Created slice User and Session Slice.
[    9.478363] systemd[1]: Started Trigger resolvconf update for networkd DNS.
[[0;32m  OK  [0m] Started Trigger resolvconf update for networkd DNS.
[    9.493809] systemd[1]: Reached target User and Group Name Lookups.
[[0;32m  OK  [0m] Reached target User and Group Name Lookups.
[    9.501471] systemd[1]: Listening on LVM2 metadata daemon socket.
[[0;32m  OK  [0m] Listening on LVM2 metadata daemon socket.
[    9.507123] systemd[1]: Reached target Swap.
[[0;32m  OK  [0m] Reached target Swap.
[    9.521922] systemd[1]: Created slice System Slice.
[[0;32m  OK  [0m] Created slice System Slice.
[    9.527736] systemd[1]: Created slice system-serial\x2dgetty.slice.
[[0;32m  OK  [0m] Created slice system-serial\x2dgetty.slice.
[    9.534149] systemd[1]: Reached target Slices.
[[0;32m  OK  [0m] Reached target Slices.
[    9.538886] systemd[1]: Listening on udev Control Socket.
[[0;32m  OK  [0m] Listening on udev Control Socket.
[    9.544649] systemd[1]: Listening on Syslog Socket.
[[0;32m  OK  [0m] Listening on Syslog Socket.
[    9.550092] systemd[1]: Started Forward Password Requests to Wall Directory Watch.
[[0;32m  OK  [0m] Started Forward Password Requests to Wall Directory Watch.
[    9.557322] systemd[1]: Listening on Journal Audit Socket.
[[0;32m  OK  [0m] Listening on Journal Audit Socket.
[    9.563323] systemd[1]: Listening on udev Kernel Socket.
[[0;32m  OK  [0m] Listening on udev Kernel Socket.
[    9.569014] systemd[1]: Listening on Device-mapper event daemon FIFOs.
[[0;32m  OK  [0m] Listening on Device-mapper event daemon FIFOs.
[    9.578660] systemd[1]: Reached target System Time Synchronized.
[[0;32m  OK  [0m] Reached target System Time Synchronized.
[    9.587233] systemd[1]: Listening on Journal Socket.
[[0;32m  OK  [0m] Listening on Journal Socket.
[    9.616849] systemd[1]: Mounting POSIX Message Queue File System...
         Mounting POSIX Message Queue File System...
[    9.634436] systemd[1]: Starting Journal Service...
         Starting Journal Service...
[    9.641029] random: nonblocking pool is initialized
[    9.651662] systemd[1]: Mounting Huge Pages File System...
         Mounting Huge Pages File System...
[    9.689077] systemd[1]: Starting Set console keymap...
         Starting Set console keymap...
[    9.705090] systemd[1]: Starting Uncomplicated firewall...
         Starting Uncomplicated firewall...
[    9.712530] systemd[1]: Mounting Debug File System...
         Mounting Debug File System...
[    9.738496] systemd[1]: Starting Create list of required static device nodes for the current kernel...
         Starting Create list of required st... nodes for the current kernel...
[    9.776622] systemd[1]: Starting Remount Root and Kernel File Systems...
         Starting Remount Root and Kernel File Systems...
[    9.809685] systemd[1]: Starting Nameserver information manager...
[    9.812745] EXT4-fs (sda1): re-mounted. Opts: (null)
         Starting Nameserver information manager...
[    9.841018] systemd[1]: Starting Load Kernel Modules...
         Starting Load Kernel Modules...
[    9.852624] systemd[1]: Starting Monitoring of LVM2 mirrors, snapshots etc. using dmeventd or progress polling...
         Starting Monitoring of LVM2 mirrors... dmeventd or progress polling...
[    9.872631] systemd[1]: Reached target Encrypted Volumes.
[[0;32m  OK  [0m] Reached target Encrypted Volumes.
[    9.890350] Loading iSCSI transport class v2.0-870.
[    9.910147] systemd[1]: Mounted Debug File System.
[[0;32m  OK  [0m] Mounted Debu[    9.917770] iscsi: registered transport (tcp)
g File System.
[    9.932842] systemd[1]: Mounted Huge Pages File System.
[[0;32m  OK  [0m] Mounted Huge Pages File System.
[    9.940419] systemd[1]: Mounted POSIX Message Queue File System.
[[0;32m  OK  [0m] Mounted POSIX Message Queue File System.
[    9.954048] systemd[1]: Started Journal Service.
[[0;32m  OK  [0m] Started Journal Service.
[[0;32m  OK  [0m] Started Set console keymap.
[[0;32m  OK  [0m] Started Uncomplicated firewall.
[[0;32m  OK  [0m] Started Create list of required sta...ce nodes for the current kernel.
[    9.989596] iscsi: registered transport (iser)
[[0;32m  OK  [0m] Started Remount Root and Kernel File Systems.
[[0;32m  OK  [0m] Started Load Kernel Modules.
[[0;32m  OK  [0m] Started Nameserver information manager.
[[0;32m  OK  [0m] Started LVM2 metadata daemon.
         Mounting FUSE Control File System...
         Starting Apply Kernel Variables...
         Starting udev Coldplug all Devices...
         Starting Load/Save Random Seed...
         Starting Create Static Device Nodes in /dev...
         Starting Flush Journal to Persistent Storage...
[[0;32m  OK  [0m] Mounted FUSE Control File System.
[[0;32m  OK  [0m] Started Apply Kernel Variables.
[[0;32m  OK  [0m] Started Load/Save Random Seed.
[[0;32m  OK  [0m] Started Create Static Device Nodes in /dev.
[[0;32m  OK  [0m] Started udev Coldplug all Devices.
         Starting udev Kernel Device Manager...
[[0;32m  OK  [0m] Started Flush Journal to Persistent Storage.
[[0;32m  OK  [0m] Started udev Kernel Device Manager.
[[0;32m  OK  [0m] Started Dispatch Password Requests to Console Directory Watch.
[[0;32m  OK  [0m] Started Monitoring of LVM2 mirrors,...ng dmeventd or progress polling.
[[0;32m  OK  [0m] Found device /dev/ttyS0.
[[0;32m  OK  [0m] Reached target Local File Systems (Pre).
[[0;32m  OK  [0m] Reached target Local File Systems.
         Starting Set console font and keymap...
         Starting Initial cloud-init job (pre-networking)...
         Starting Tell Plymouth To Write Out Runtime Data...
         Starting Commit a transient machine-id on disk...
         Starting Create Volatile Files and Directories...
         Starting LSB: AppArmor initialization...
[[0;32m  OK  [0m] Started Tell Plymouth To Write Out Runtime Data.
[[0;32m  OK  [0m] Started Commit a transient machine-id on disk.
[[0;32m  OK  [0m] Started Create Volatile Files and Directories.
[[0;32m  OK  [0m] Listening on Load/Save RF Kill Switch Status /dev/rfkill Watch.
         Starting Update UTMP about System Boot/Shutdown...
[[0;32m  OK  [0m] Started Update UTMP about System Boot/Shutdown.
[[0;32m  OK  [0m] Started Set console font and keymap.
[[0;32m  OK  [0m] Created slice system-getty.slice.
[   11.224264] cloud-init[513]: Cloud-init v. 18.3-9-g2e62cb8a-0ubuntu1~16.04.2 running 'init-local' at Tue, 11 Sep 2018 15:01:10 +0000. Up 10.61 seconds.
[[0;32m  OK  [0m] Started Initial cloud-init job (pre-networking).
[[0;32m  OK  [0m] Started LSB: AppArmor initialization.
[[0;32m  OK  [0m] Reached target Network (Pre).
         Starting Raise network interfaces...
[[0;32m  OK  [0m] Started Raise network interfaces.
         Starting Initial cloud-init job (metadata service crawler)...
[[0;32m  OK  [0m] Reached target Network.
[   13.545343] cloud-init[934]: Cloud-init v. 18.3-9-g2e62cb8a-0ubuntu1~16.04.2 running 'init' at Tue, 11 Sep 2018 15:01:11 +0000. Up 12.19 seconds.
[   13.593007] cloud-init[934]: ci-info: ++++++++++++++++++++++++++++++++++++++Net device info+++++++++++++++++++++++++++++++++++++++
[   13.640543] cloud-init[934]: ci-info: +--------+-------+----------------------------+---------------+--------+-------------------+
[   13.641405] cloud-init[934]: ci-info: | Device |   Up  |          Address           |      Mask     | Scope  |     Hw-Address    |
[[0;32m  OK  [0m] Started Initial cloud-init job (metadata service crawler).
[   13.643083] cloud-init[934]: ci-info: +--------+-------+----------------------------+---------------+--------+-------------------+
[   13.800659] cloud-init[934]: ci-info: | enp0s3 |  True |         10.0.2.15          | 255.255.255.0 | global | 02:1d:76:b3:3c:fe |
[   13.876695] [cloud-init[0;32m  OK  [0m[934]: ] ci-info: | enp0s3 |  True | fe80::1d:76ff:feb3:3cfe/64 |       .       |  link  | 02:1d:76:b3:3c:fe |Reached target Network is Online.

         Starting iSCSI initiator daemon (iscsid)...
[   14.000388] [[0;32m  OK  [0m] Reached target System Initialization.
[[0;32m  OK  [0m] Started Daily Cleanup of Temporary Directories.
         Starting Socket activation for snappy daemon.
cloud-init[934]: ci-info: | enp0s8 | False |             .              |       .       |   .    | 08:00:27:d7:69:43 |
[   14.204701] cloud-init[934]:          Starting LXD - unix socket.
[[0;32m  OK  [0m] Listening on ACPID Listen Socket.
ci-info: |   lo   |  True |         127.0.0.1          |   255.0.0.0   |  host  |         .         |
[[0;32m  OK  [0m[   14.252366] cloud-init[934]: ci-info: |   lo   |  True |          ::1/128           |       .       |  host  |         .         |
[   14.253906] cloud-init[934]: ci-info: +--------+-------+----------------------------+---------------+--------+-------------------+
[   14.254002] cloud-init[934]: ci-info: +++++++++++++++++++++++++++Route IPv4 info++++++++++++++++++++++++++++
[   14.254071] cloud-init[934]: ci-info: +-------+-------------+----------+---------------+-----------+-------+
[   14.254143] cloud-init[934]: ci-info: | Route | Destination | Gateway  |    Genmask    | Interface | Flags |
[   14.254219] cloud-init[934]: ci-info: +-------+-------------+----------+---------------+-----------+-------+
[   14.254289] cloud-init[934]: ci-info: |   0   |   0.0.0.0   | 10.0.2.2 |    0.0.0.0    |   enp0s3  |   UG  |
[   14.254344] cloud-init[934]: ci-info: |   1   |   10.0.2.0  | 0.0.0.0  | 255.255.255.0 |   enp0s3  |   U   |
[   14.254412] cloud-init[934]: ci-info: +-------+-------------+----------+---------------+-----------+-------+
[   14.254477] cloud-init[934]: ci-info: +++++++++++++++++++Route IPv6 info+++++++++++++++++++
[   14.254548] cloud-init[934]: ci-info: +-------+-------------+---------+-----------+-------+
[   14.254616] cloud-init[934]: ci-info: | Route | Destination | Gateway | Interface | Flags |
[   14.254683] cloud-init[934]: ci-info: +-------+-------------+---------+-----------+-------+
[   14.254736] cloud-init[934]: ci-info: |   0   |  fe80::/64  |    ::   |   enp0s3  |   U   |
[   14.255161] cloud-init[934]: ci-info: |   3   |   ff00::/8  |    ::   |   enp0s3  |   U   |
[   14.255243] cloud-init[934]: ci-info: +-------+-------------+---------+-----------+-------+
[   14.255312] cloud-init[934]: Generating public/private rsa key pair.
[   14.255485] cloud-init[934]: Your identification has been saved in /etc/ssh/ssh_host_rsa_key.
[   14.255559] cloud-init[934]: Your public key has been saved in /etc/ssh/ssh_host_rsa_key.pub.
[   14.255627] cloud-init[934]: The key fingerprint is:
[   14.255693] cloud-init[934]: SHA256:pENE6G21qsoD6DtrPDOYlp8lqw3+VNtKTi8vYnL2+dc root@ubuntu-xenial
[   14.255765] cloud-init[934]: The key's randomart image is:
[   14.255833] cloud-init[934]: +---[RSA 2048]----+
[   14.255902] cloud-init[934]: |     oo          |
[   14.255964] cloud-init[934]: |    ..  .        |
[   14.256032] cloud-init[934]: |   . .....       |
[   14.256102] cloud-init[934]: |    ..oo.        |
[   14.256169] cloud-init[934]: |.    oo.S        |
[   14.256233] cloud-init[934]: |o   . +.         |
[   14.256300] cloud-init[934]: |++.o * .  .      |
] Started ACPI Events Check.
[   14.257864] [[0;32m  OK  [0m] Reached target Paths.
[[0;32m  OK  [0m] Listening on D-Bus System Message Bus Socket.
[[0;32m  OK  [0m] Started Daily apt download activities.
[[0;32m  OK  [0m] Started Daily apt upgrade and clean activities.
[[0;32m  OK  [0m] Reached target Timers.
[[0;32m  OK  [0m] Listening on UUID daemon activation socket.
[[0;32m  OK  [0m] Reached target Cloud-config availability.
cloud-init[934]: |+&==Xo+  . E     |
[   14.799357] cloud-init[934]: |o=^Oo==+.        |
[[0;32m  OK  [0m] Listening on Socket activation for snappy daemon.
[   14.801527] [cloud-init[0;32m  OK  [0m[934]: ] +----[SHA256]-----+Listening on LXD - unix socket.

[   14.826463] [cloud-init[0;32m  OK  [0m[934]: ] Generating public/private dsa key pair.Started iSCSI initiator daemon (iscsid).

[   14.846593] cloud-init[934]: Your identification has been saved in /etc/ssh/ssh_host_dsa_key.
[   14.899165]          Starting Login to default iSCSI targets...
[[0;32m  OK  [0m] Reached target Sockets.
[[0;32m  OK  [0m] Reached target Basic System.
         Starting LSB: MD monitoring daemon...
[[0;32m  OK  [0m] Started D-Bus System Message Bus.
cloud-init[934]: Your public key has been saved in /etc/ssh/ssh_host_dsa_key.pub.
[   14.945379] cloud-init[934]: The key fingerprint is:
[   14.984835] cloud-init[934]: SHA256:xSESPBixqV+JnNrA3ibBm6Z7t3ocCWfYtJocrwaI6Yc root@ubuntu-xenial
         Starting Login Service...
[[0;32m  OK  [0m] Started Unattended Upgrades Shutdown.
[   15.080060] cloud-init[934]: The key's randomart image is:
[   15.177167] cloud-init[934]: +---[DSA 1024]----+
[   15.192689] [cloud-init[0;32m  OK  [0m[934]: ] |    o=o.. .      |Started ACPI event daemon.

[   15.194841] cloud-init[934]: |    ooo. o .     |
[   15.258716]          cloud-initStarting Snappy daemon...[934]: 
|   +o. .  o      |
[   15.260732] cloud-init[934]: | o+o=o . .       |
         Starting Virtualbox guest utils...
[   15.355925] cloud-init[934]: |oo*O+.o S        |
[   15.379966] cloud-init[934]: |=.+X+.           |
[   15.384039] cloud-init[934]: |..Oo=.           |
[   15.390718] cloud-init[934]: | E+++            |
[   15.398789] cloud-init[934]: |o+o+..           |
[   15.400399] cloud-init[934]: +----[SHA256]-----+
[   15.401458] cloud-init[934]: Generating public/private ecdsa key pair.
         Starting LXD - container startup/shutdown...
[   15.403514] cloud-init[934]: Your identification has been saved in /etc/ssh/ssh_host_ecdsa_key.
[[0;32m  OK  [0m] Started Regular background program processing daemon.
[   15.512209] cloud-init[934]: Your public key has been saved in /etc/ssh/ssh_host_ecdsa_key.pub.
[   15.635660] [cloud-init[0;32m  OK  [0m[934]: ] The key fingerprint is:Started FUSE filesystem for LXC.

[   15.637924] cloud-init[934]: SHA256:1KGxraAVBCcVKWR/rA0F+l3R6WelAZf1B67wZJkOgOE root@ubuntu-xenial
[   15.720620] cloud-init[934]: The key's randomart image is:
[   15.731061]          Starting Pollinate to seed the pseudo random number generator...
cloud-init[934]: +---[ECDSA 256]---+
[   15.762114]          Starting /etc/rc.local Compatibility...
cloud-init[934]: |   .=+O*+ o..ooo.|
[   15.777682] cloud-init[934]: |   ..*o+ B oo=o.o|
         Starting System Logging Service...
[[0;32m  OK  [0m] Started Deferred execution scheduler.
         Starting Accounts Service...
         Starting LSB: Record successful boot for GRUB...
[[0;32m  OK  [0m] Started Snappy daemon.
[   15.786617] cloud-init[934]: |    ..E * *.= .+o|
[   15.973288] cloud-init[934]: |     + O o B..+ .|
[   15.974088] cloud-init[934]: |    . o S   +o   |
[[0;32m  OK  [0m] Started LXD - container startup/shutdown.
[   15.975109] cloud-init[934]: |                 |
[   16.101023] cloud-init[934]: |                 |
[   16.102049] cloud-init[934]: |                 |
[[0;32m  OK  [0m] Started /etc/rc.local Compatibility.
[   16.106779] cloud-init[934]: |                 |
[   16.123568] cloud-init[934]: +----[SHA256]-----+
[   16.124805] cloud-init[934]: Generating public/private ed25519 key pair.
[   16.124922] cloud-init[934]: Your identification has been saved in /etc/ssh/ssh_host_ed25519_key.
[   16.124995] cloud-init[934]: Your public key has been saved in /etc/ssh/ssh_host_ed25519_key.pub.
[   16.125084] cloud-init[934]: The key fingerprint is:
[   16.125157] cloud-init[934]: SHA256:JjB1kNIe6V/gEKV1uDF+SWe2BV9Utoxn6MfTH4tE2oU root@ubuntu-xenial
[   16.125230] cloud-init[934]: The key's randomart image is:
[   16.125301] cloud-init[934]: +--[ED25519 256]--+
[   16.125374] cloud-init[934]: |     .+*+.. .. .*|
[   16.125433] cloud-init[934]: |    ..*+=.. +.*o.|
[   16.125890] cloud-init[934]: |    o+.= * = E.* |
[   16.125971] cloud-init[934]: |     oo + + * = .|
[   16.126020] cloud-init[934]: |      ..So . + =.|
[   16.126091] cloud-init[934]: |       o.   . o =|
[   16.126135] cloud-init[934]: |             . ..|
[   16.126178] cloud-init[934]: |                 |
[   16.126246] cloud-init[934]: |                 |
[   16.126319] cloud-init[934]: +----[SHA256]-----+
[[0;32m  OK  [0m] Started System Logging Service.
[[0;32m  OK  [0m] Started Pollinate to seed the pseudo random number generator.
[[0;32m  OK  [0m] Started Login to default iSCSI targets.
[[0;32m  OK  [0m] Started LSB: MD monitoring daemon.
[[0;32m  OK  [0m] Started LSB: Record successful boot for GRUB.
[[0;32m  OK  [0m] Started Login Service.
         Starting Authenticate and Authorize Users to Run Privileged Tasks...
[[0;32m  OK  [0m] Reached target Remote File Systems (Pre).
[[0;32m  OK  [0m] Reached target Remote File Systems.
         Starting LSB: daemon to balance interrupts for SMP systems...
         Starting LSB: Set the CPU Frequency Scaling governor to "ondemand"...
         Starting Permit User Sessions...
         Starting LSB: automatic crash report generation...
         Starting OpenBSD Secure Shell server...
         Starting Wait until snapd is fully seeded...
[[0;32m  OK  [0m] Started OpenBSD Secure Shell server.
[[0;32m  OK  [0m] Started Virtualbox guest utils.
[[0;32m  OK  [0m] Started Permit User Sessions.
[[0;32m  OK  [0m] Started Wait until snapd is fully seeded.
[[0;32m  OK  [0m] Started Authenticate and Authorize Users to Run Privileged Tasks.
[[0;32m  OK  [0m] Started Accounts Service.
[[0;32m  OK  [0m] Started LSB: daemon to balance interrupts for SMP systems.
[[0;32m  OK  [0m] Started LSB: Set the CPU Frequency Scaling governor to "ondemand".
         Starting Apply the settings specified in cloud-config...
         Starting Terminate Plymouth Boot Screen...
         Starting Hold until boot process finishes up...
[[0;32m  OK  [0m] Started LSB: automatic crash report generation.
[[0;32m  OK  [0m] Started Terminate Plymouth Boot Screen.
[[0;32m  OK  [0m] Started Hold until boot process finishes up.
[[0;32m  OK  [0m] Started Serial Getty on ttyS0.
[[0;32m  OK  [0m] Started Getty on tty1.
[[0;32m  OK  [0m] Reached target Login Prompts.
         Starting Set console scheme...
[[0;32m  OK  [0m] Reached target Multi-User System.
[[0;32m  OK  [0m] Reached target Graphical Interface.
         Starting Update UTMP about System Runlevel Changes...
[[0;32m  OK  [0m] Started Set console scheme.
[[0;32m  OK  [0m] Started Update UTMP about System Runlevel Changes.
[[0;32m  OK  [0m] Created slice User Slice of vagrant.
         Starting User Manager for UID 1000...
[[0;32m  OK  [0m] Started Session 1 of user vagrant.
[[0;32m  OK  [0m] Started User Manager for UID 1000.
[   18.113990] cloud-init[1240]: Generating locales (this might take a while)...
[   19.551509] cloud-init[1240]:   en_US.UTF-8... done
[   19.555187] cloud-init[1240]: Generation complete.
         Stopping User Manager for UID 1000...
[[0;32m  OK  [0m] Stopped User Manager for UID 1000.
[[0;32m  OK  [0m] Removed slice User Slice of vagrant.
[[0;32m  OK  [0m] Created slice User Slice of vagrant.
         Starting User Manager for UID 1000...
[[0;32m  OK  [0m] Started Session 2 of user vagrant.
[   20.550454] cloud-init[1240]: Cloud-init v. 18.3-9-g2e62cb8a-0ubuntu1~16.04.2 running 'modules:config' at Tue, 11 Sep 2018 15:01:17 +0000. Up 17.77 seconds.
[[0;32m  OK  [0m] Started User Manager for UID 1000.
[[0;32m  OK  [0m] Started Apply the settings specified in cloud-config.
         Starting Execute cloud user/final scripts...
ci-info: no authorized ssh keys fingerprints found for user ubuntu.
<14>Sep 11 15:01:20 ec2: 
<14>Sep 11 15:01:20 ec2: #############################################################
<14>Sep 11 15:01:20 ec2: -----BEGIN SSH HOST KEY FINGERPRINTS-----
<14>Sep 11 15:01:20 ec2: 1024 SHA256:xSESPBixqV+JnNrA3ibBm6Z7t3ocCWfYtJocrwaI6Yc root@ubuntu-xenial (DSA)
<14>Sep 11 15:01:20 ec2: 256 SHA256:1KGxraAVBCcVKWR/rA0F+l3R6WelAZf1B67wZJkOgOE root@ubuntu-xenial (ECDSA)
<14>Sep 11 15:01:20 ec2: 256 SHA256:JjB1kNIe6V/gEKV1uDF+SWe2BV9Utoxn6MfTH4tE2oU root@ubuntu-xenial (ED25519)
<14>Sep 11 15:01:20 ec2: 2048 SHA256:pENE6G21qsoD6DtrPDOYlp8lqw3+VNtKTi8vYnL2+dc root@ubuntu-xenial (RSA)
<14>Sep 11 15:01:20 ec2: -----END SSH HOST KEY FINGERPRINTS-----
<14>Sep 11 15:01:20 ec2: #############################################################
-----BEGIN SSH HOST KEY KEYS-----
ecdsa-sha2-nistp256 AAAAE2VjZHNhLXNoYTItbmlzdHAyNTYAAAAIbmlzdHAyNTYAAABBBMBN+Z8pLwvQDFbl9mbgDjb8f4vJgNL4+byv+ea0iJGDpdyz2P4ofbB8So65XXuFsgsdA8IiLpoWEscmLpPhSqI= root@ubuntu-xenial
ssh-ed25519 AAAAC3NzaC1lZDI1NTE5AAAAIKAkJ1caW6M+LQz/KMggds0X7kvn5fsETHBoHazKlP9j root@ubuntu-xenial
ssh-rsa AAAAB3NzaC1yc2EAAAADAQABAAABAQC2sGGgkKGccL7Afieq1oJZqqw1ZeQnX40GBQhJYfqricxYzqLq+Xfzmi2bzMAy+ly/NT1H125xINVWupm7ZU85zRE+WS/V4TFLsTeIFMy2v4jqZKqitFtwJMa8HZyU6S6CFNDRMsmfTlhUf1gsv6YGso9X1QnQ/RvsvKTo5XQgINr/arOqV9zZ8wgL7tcLKs62yLPrR/7AhzUK4Z4hN5Tt2Hbj1dxktzvGCU0IXNdVkE8JEo3Iwf5dFYMxUAqr9RuqpqgXzuxRpPxWXAGYKI8AdROJmN4qe/T+tsQbGCrf+K8in+vnU+Z66XNGYqetl+Si1s7pUxdSlzKIXuCWi7dt root@ubuntu-xenial
-----END SSH HOST KEY KEYS-----
[   21.397653] cloud-init[1523]: Cloud-init v. 18.3-9-g2e62cb8a-0ubuntu1~16.04.2 running 'modules:final' at Tue, 11 Sep 2018 15:01:20 +0000. Up 20.98 seconds.
[   21.426092] cloud-init[1523]: ci-info: no authorized ssh keys fingerprints found for user ubuntu.
[   21.445302] cloud-init[1523]: Cloud-init v. 18.3-9-g2e62cb8a-0ubuntu1~16.04.2 finished at Tue, 11 Sep 2018 15:01:20 +0000. Datasource DataSourceNoCloud [seed=/dev/sdb][dsmode=net].  Up 21.38 seconds
[[0;32m  OK  [0m] Started Execute cloud user/final scripts.
[[0;32m  OK  [0m] Reached target Cloud-init target.

Ubuntu 16.04.5 LTS ubuntu-xenial ttyS0

ubuntu-xenial login: 